TN:
SF:/home/aradkiew/src/social/SPECIAL/imageprocessing/src/common/util/imageMathUtil.js
FN:3,sin
FN:7,cos
FN:11,transformToPositiveDegree
FN:16,(anonymous_4)
FN:20,(anonymous_5)
FNF:5
FNH:1
FNDA:0,sin
FNDA:0,cos
FNDA:0,transformToPositiveDegree
FNDA:4,(anonymous_4)
FNDA:0,(anonymous_5)
DA:3,1
DA:4,0
DA:7,1
DA:8,0
DA:11,1
DA:12,0
DA:17,4
DA:21,0
DA:22,0
DA:23,0
DA:24,0
DA:25,0
DA:27,0
DA:30,0
DA:32,0
DA:35,0
DA:42,1
LF:17
LH:5
BRDA:24,1,0,0
BRDA:24,1,1,0
BRDA:24,2,0,0
BRDA:24,2,1,0
BRDA:24,2,2,0
BRDA:24,2,3,0
BRF:6
BRH:0
end_of_record
TN:
SF:/home/aradkiew/src/social/SPECIAL/imageprocessing/src/common/web/httpHeader.js
FN:4,(anonymous_1)
FN:8,(anonymous_2)
FN:12,(anonymous_3)
FN:16,(anonymous_4)
FN:20,(anonymous_5)
FN:24,(anonymous_6)
FN:28,(anonymous_7)
FN:32,(anonymous_8)
FN:36,(anonymous_9)
FNF:9
FNH:7
FNDA:1,(anonymous_1)
FNDA:1,(anonymous_2)
FNDA:1,(anonymous_3)
FNDA:1,(anonymous_4)
FNDA:1,(anonymous_5)
FNDA:0,(anonymous_6)
FNDA:1,(anonymous_7)
FNDA:1,(anonymous_8)
FNDA:0,(anonymous_9)
DA:5,1
DA:9,1
DA:13,1
DA:17,1
DA:21,1
DA:25,0
DA:29,1
DA:33,1
DA:37,0
DA:41,1
LF:10
LH:8
BRF:0
BRH:0
end_of_record
TN:
SF:/home/aradkiew/src/social/SPECIAL/imageprocessing/src/setFree/service/imageSetFreeService.js
FN:10,(anonymous_1)
FN:26,(anonymous_2)
FNF:2
FNH:2
FNDA:6,(anonymous_1)
FNDA:1,(anonymous_2)
DA:3,1
DA:4,1
DA:6,1
DA:7,1
DA:11,6
DA:12,6
DA:17,6
DA:18,6
DA:19,5
DA:21,6
DA:27,1
DA:28,1
DA:29,1
DA:38,1
DA:45,0
DA:46,0
DA:52,1
LF:17
LH:15
BRDA:18,1,0,5
BRDA:18,1,1,1
BRF:2
BRH:2
end_of_record
TN:
SF:/home/aradkiew/src/social/SPECIAL/imageprocessing/src/common/service/imageDownloadService.js
FN:10,getAbsoluteImageWidth
FN:22,getAbsoluteImageHeight
FN:34,sizeUrlParameter
FN:41,(anonymous_4)
FN:50,(anonymous_5)
FN:55,(anonymous_6)
FNF:6
FNH:4
FNDA:1,getAbsoluteImageWidth
FNDA:1,getAbsoluteImageHeight
FNDA:1,sizeUrlParameter
FNDA:0,(anonymous_4)
FNDA:1,(anonymous_5)
FNDA:0,(anonymous_6)
DA:3,1
DA:4,1
DA:6,1
DA:7,1
DA:8,1
DA:10,1
DA:11,1
DA:12,0
DA:13,0
DA:15,0
DA:16,0
DA:19,1
DA:22,1
DA:23,1
DA:24,0
DA:25,0
DA:27,0
DA:28,0
DA:31,1
DA:34,1
DA:35,1
DA:36,1
DA:37,1
DA:42,0
DA:51,1
DA:56,0
DA:57,0
DA:59,0
DA:66,0
DA:67,0
DA:71,0
DA:74,0
DA:80,1
LF:33
LH:17
BRDA:11,1,0,0
BRDA:11,1,1,1
BRDA:12,2,0,0
BRDA:12,2,1,0
BRDA:15,3,0,0
BRDA:15,3,1,0
BRDA:23,4,0,0
BRDA:23,4,1,1
BRDA:24,5,0,0
BRDA:24,5,1,0
BRDA:27,6,0,0
BRDA:27,6,1,0
BRF:12
BRH:2
end_of_record
TN:
SF:/home/aradkiew/src/social/SPECIAL/imageprocessing/src/common/util/commonUtil.js
FN:4,(anonymous_1)
FN:8,(anonymous_2)
FN:12,(anonymous_3)
FNF:3
FNH:1
FNDA:0,(anonymous_1)
FNDA:1,(anonymous_2)
FNDA:0,(anonymous_3)
DA:5,0
DA:9,1
DA:13,0
DA:17,1
LF:4
LH:2
BRF:0
BRH:0
end_of_record
TN:
SF:/home/aradkiew/src/social/SPECIAL/imageprocessing/src/common/util/gmResponseStreamingUtil.js
FN:3,toErrorMessage
FN:13,wrapStreamWithPromise
FN:27,(anonymous_3)
FNF:3
FNH:0
FNDA:0,toErrorMessage
FNDA:0,wrapStreamWithPromise
FNDA:0,(anonymous_3)
DA:3,1
DA:4,0
DA:5,0
DA:6,0
DA:8,0
DA:10,0
DA:13,1
DA:14,0
DA:15,0
DA:16,0
DA:18,0
DA:21,0
DA:28,0
DA:29,0
DA:30,0
DA:32,0
DA:41,0
DA:42,0
DA:43,0
DA:44,0
DA:45,0
DA:46,0
DA:47,0
DA:48,0
DA:49,0
DA:50,0
DA:52,0
DA:57,1
LF:28
LH:3
BRDA:29,1,0,0
BRDA:29,1,1,0
BRDA:41,2,0,0
BRDA:41,2,1,0
BRDA:46,3,0,0
BRDA:46,3,1,0
BRF:6
BRH:0
end_of_record
